2013/11/06 03:10:52 [error] [exception.CHttpException.404] exception 'CHttpException' with message 'Unable to resolve the request "Usuario".' in /var/www/yii/framework/web/CWebApplication.php:286
Stack trace:
#0 /var/www/yii/framework/web/CWebApplication.php(141): CWebApplication->runController('Usuario')
#1 /var/www/yii/framework/base/CApplication.php(180): CWebApplication->processRequest()
#2 /var/www/got/index.php(13): CApplication->run()
#3 {main}
REQUEST_URI=/got//Usuario
---
2013/11/06 03:11:00 [error] [exception.CHttpException.404] exception 'CHttpException' with message 'Unable to resolve the request "Usuario".' in /var/www/yii/framework/web/CWebApplication.php:286
Stack trace:
#0 /var/www/yii/framework/web/CWebApplication.php(141): CWebApplication->runController('Usuario')
#1 /var/www/yii/framework/base/CApplication.php(180): CWebApplication->processRequest()
#2 /var/www/got/index.php(13): CApplication->run()
#3 {main}
REQUEST_URI=/got/Usuario
---
2013/11/06 03:11:05 [error] [exception.CHttpException.404] exception 'CHttpException' with message 'Unable to resolve the request "usuario".' in /var/www/yii/framework/web/CWebApplication.php:286
Stack trace:
#0 /var/www/yii/framework/web/CWebApplication.php(141): CWebApplication->runController('usuario')
#1 /var/www/yii/framework/base/CApplication.php(180): CWebApplication->processRequest()
#2 /var/www/got/index.php(13): CApplication->run()
#3 {main}
REQUEST_URI=/got/usuario
---
2013/11/06 03:11:24 [error] [exception.CHttpException.404] exception 'CHttpException' with message 'The system is unable to find the requested action "usuario".' in /var/www/yii/framework/web/CController.php:483
Stack trace:
#0 /var/www/yii/framework/web/CController.php(270): CController->missingAction('usuario')
#1 /var/www/yii/framework/web/CWebApplication.php(282): CController->run('usuario')
#2 /var/www/yii/framework/web/CWebApplication.php(141): CWebApplication->runController('site/usuario')
#3 /var/www/yii/framework/base/CApplication.php(180): CWebApplication->processRequest()
#4 /var/www/got/index.php(13): CApplication->run()
#5 {main}
REQUEST_URI=/got/site/usuario
---
2013/11/06 03:11:35 [error] [exception.CHttpException.404] exception 'CHttpException' with message 'The system is unable to find the requested action "usuariocontroller".' in /var/www/yii/framework/web/CController.php:483
Stack trace:
#0 /var/www/yii/framework/web/CController.php(270): CController->missingAction('usuariocontroll...')
#1 /var/www/yii/framework/web/CWebApplication.php(282): CController->run('usuariocontroll...')
#2 /var/www/yii/framework/web/CWebApplication.php(141): CWebApplication->runController('site/UsuarioCon...')
#3 /var/www/yii/framework/base/CApplication.php(180): CWebApplication->processRequest()
#4 /var/www/got/index.php(13): CApplication->run()
#5 {main}
REQUEST_URI=/got/site/UsuarioController
---
2013/11/06 03:13:19 [error] [exception.CHttpException.404] exception 'CHttpException' with message 'Unable to resolve the request "UsuarioController".' in /var/www/yii/framework/web/CWebApplication.php:286
Stack trace:
#0 /var/www/yii/framework/web/CWebApplication.php(141): CWebApplication->runController('UsuarioControll...')
#1 /var/www/yii/framework/base/CApplication.php(180): CWebApplication->processRequest()
#2 /var/www/got/index.php(13): CApplication->run()
#3 {main}
REQUEST_URI=/got/UsuarioController
HTTP_REFERER=http://localhost/got/gii/crud/index
---
2013/11/06 03:13:34 [error] [exception.CHttpException.404] exception 'CHttpException' with message 'Unable to resolve the request "UsuarioController".' in /var/www/yii/framework/web/CWebApplication.php:286
Stack trace:
#0 /var/www/yii/framework/web/CWebApplication.php(141): CWebApplication->runController('UsuarioControll...')
#1 /var/www/yii/framework/base/CApplication.php(180): CWebApplication->processRequest()
#2 /var/www/got/index.php(13): CApplication->run()
#3 {main}
REQUEST_URI=/got/UsuarioController
---
2013/11/06 03:13:48 [error] [exception.CHttpException.404] exception 'CHttpException' with message 'Unable to resolve the request "UsuarioController".' in /var/www/yii/framework/web/CWebApplication.php:286
Stack trace:
#0 /var/www/yii/framework/web/CWebApplication.php(141): CWebApplication->runController('UsuarioControll...')
#1 /var/www/yii/framework/base/CApplication.php(180): CWebApplication->processRequest()
#2 /var/www/got/index.php(13): CApplication->run()
#3 {main}
REQUEST_URI=/got/UsuarioController
---
2013/11/06 03:19:49 [error] [exception.CHttpException.404] exception 'CHttpException' with message 'The system is unable to find the requested action "usuario".' in /var/www/yii/framework/web/CController.php:483
Stack trace:
#0 /var/www/yii/framework/web/CController.php(270): CController->missingAction('usuario')
#1 /var/www/yii/framework/web/CWebApplication.php(282): CController->run('usuario')
#2 /var/www/yii/framework/web/CWebApplication.php(141): CWebApplication->runController('site/usuario')
#3 /var/www/yii/framework/base/CApplication.php(180): CWebApplication->processRequest()
#4 /var/www/got/index.php(13): CApplication->run()
#5 {main}
REQUEST_URI=/got/site/usuario
---
2013/11/06 17:27:01 [error] [exception.CHttpException.404] exception 'CHttpException' with message 'Unable to resolve the request "img/bg0.png".' in /var/www/yii/framework/web/CWebApplication.php:286
Stack trace:
#0 /var/www/yii/framework/web/CWebApplication.php(141): CWebApplication->runController('img/bg0.png')
#1 /var/www/yii/framework/base/CApplication.php(180): CWebApplication->processRequest()
#2 /var/www/got/index.php(13): CApplication->run()
#3 {main}
REQUEST_URI=/got/img/bg0.png
HTTP_REFERER=http://localhost/got/css/style.css
---
2013/11/06 17:27:27 [error] [exception.CHttpException.404] exception 'CHttpException' with message 'Unable to resolve the request "img/bg0.png".' in /var/www/yii/framework/web/CWebApplication.php:286
Stack trace:
#0 /var/www/yii/framework/web/CWebApplication.php(141): CWebApplication->runController('img/bg0.png')
#1 /var/www/yii/framework/base/CApplication.php(180): CWebApplication->processRequest()
#2 /var/www/got/index.php(13): CApplication->run()
#3 {main}
REQUEST_URI=/got/img/bg0.png
HTTP_REFERER=http://localhost/got/css/style.css
---
2013/11/06 17:28:02 [error] [exception.CHttpException.404] exception 'CHttpException' with message 'Unable to resolve the request "img/bg0.png".' in /var/www/yii/framework/web/CWebApplication.php:286
Stack trace:
#0 /var/www/yii/framework/web/CWebApplication.php(141): CWebApplication->runController('img/bg0.png')
#1 /var/www/yii/framework/base/CApplication.php(180): CWebApplication->processRequest()
#2 /var/www/got/index.php(13): CApplication->run()
#3 {main}
REQUEST_URI=/got/img/bg0.png
HTTP_REFERER=http://localhost/got/css/style.css
---
2013/11/06 17:28:16 [error] [exception.CHttpException.404] exception 'CHttpException' with message 'Unable to resolve the request "img/bg0.png".' in /var/www/yii/framework/web/CWebApplication.php:286
Stack trace:
#0 /var/www/yii/framework/web/CWebApplication.php(141): CWebApplication->runController('img/bg0.png')
#1 /var/www/yii/framework/base/CApplication.php(180): CWebApplication->processRequest()
#2 /var/www/got/index.php(13): CApplication->run()
#3 {main}
REQUEST_URI=/got/img/bg0.png
HTTP_REFERER=http://localhost/got/css/style.css
---
2013/11/06 17:28:30 [error] [exception.CHttpException.404] exception 'CHttpException' with message 'Unable to resolve the request "img/bg0.png".' in /var/www/yii/framework/web/CWebApplication.php:286
Stack trace:
#0 /var/www/yii/framework/web/CWebApplication.php(141): CWebApplication->runController('img/bg0.png')
#1 /var/www/yii/framework/base/CApplication.php(180): CWebApplication->processRequest()
#2 /var/www/got/index.php(13): CApplication->run()
#3 {main}
REQUEST_URI=/got/img/bg0.png
HTTP_REFERER=http://localhost/got/css/style.css
---
2013/11/06 17:31:38 [error] [exception.CHttpException.404] exception 'CHttpException' with message 'Unable to resolve the request "img/bg0.png".' in /var/www/yii/framework/web/CWebApplication.php:286
Stack trace:
#0 /var/www/yii/framework/web/CWebApplication.php(141): CWebApplication->runController('img/bg0.png')
#1 /var/www/yii/framework/base/CApplication.php(180): CWebApplication->processRequest()
#2 /var/www/got/index.php(13): CApplication->run()
#3 {main}
REQUEST_URI=/got/img/bg0.png
HTTP_REFERER=http://localhost/got/css/style.css
---
2013/11/06 17:31:40 [error] [exception.CHttpException.404] exception 'CHttpException' with message 'Unable to resolve the request "img/bg0.png".' in /var/www/yii/framework/web/CWebApplication.php:286
Stack trace:
#0 /var/www/yii/framework/web/CWebApplication.php(141): CWebApplication->runController('img/bg0.png')
#1 /var/www/yii/framework/base/CApplication.php(180): CWebApplication->processRequest()
#2 /var/www/got/index.php(13): CApplication->run()
#3 {main}
REQUEST_URI=/got/img/bg0.png
HTTP_REFERER=http://localhost/got/css/style.css
---
2013/11/06 17:36:03 [error] [exception.CHttpException.404] exception 'CHttpException' with message 'Unable to resolve the request "img/bg0.png".' in /var/www/yii/framework/web/CWebApplication.php:286
Stack trace:
#0 /var/www/yii/framework/web/CWebApplication.php(141): CWebApplication->runController('img/bg0.png')
#1 /var/www/yii/framework/base/CApplication.php(180): CWebApplication->processRequest()
#2 /var/www/got/index.php(13): CApplication->run()
#3 {main}
REQUEST_URI=/got/img/bg0.png
HTTP_REFERER=http://localhost/got/css/style.css
---
2013/11/06 17:36:04 [error] [exception.CHttpException.404] exception 'CHttpException' with message 'Unable to resolve the request "img/bg0.png".' in /var/www/yii/framework/web/CWebApplication.php:286
Stack trace:
#0 /var/www/yii/framework/web/CWebApplication.php(141): CWebApplication->runController('img/bg0.png')
#1 /var/www/yii/framework/base/CApplication.php(180): CWebApplication->processRequest()
#2 /var/www/got/index.php(13): CApplication->run()
#3 {main}
REQUEST_URI=/got/img/bg0.png
HTTP_REFERER=http://localhost/got/css/style.css
---
2013/11/06 17:40:17 [error] [exception.CHttpException.404] exception 'CHttpException' with message 'Unable to resolve the request "img/bg0.png".' in /var/www/yii/framework/web/CWebApplication.php:286
Stack trace:
#0 /var/www/yii/framework/web/CWebApplication.php(141): CWebApplication->runController('img/bg0.png')
#1 /var/www/yii/framework/base/CApplication.php(180): CWebApplication->processRequest()
#2 /var/www/got/index.php(13): CApplication->run()
#3 {main}
REQUEST_URI=/got/img/bg0.png
HTTP_REFERER=http://localhost/got/css/style.css
---
2013/11/06 17:42:02 [error] [exception.CHttpException.404] exception 'CHttpException' with message 'Unable to resolve the request "img/bannergot2.png".' in /var/www/yii/framework/web/CWebApplication.php:286
Stack trace:
#0 /var/www/yii/framework/web/CWebApplication.php(141): CWebApplication->runController('img/bannergot2....')
#1 /var/www/yii/framework/base/CApplication.php(180): CWebApplication->processRequest()
#2 /var/www/got/index.php(13): CApplication->run()
#3 {main}
REQUEST_URI=/got/img/bannergot2.png
HTTP_REFERER=http://localhost/got/site/index
---
2013/11/06 17:42:03 [error] [exception.CHttpException.404] exception 'CHttpException' with message 'Unable to resolve the request "img/bg0.png".' in /var/www/yii/framework/web/CWebApplication.php:286
Stack trace:
#0 /var/www/yii/framework/web/CWebApplication.php(141): CWebApplication->runController('img/bg0.png')
#1 /var/www/yii/framework/base/CApplication.php(180): CWebApplication->processRequest()
#2 /var/www/got/index.php(13): CApplication->run()
#3 {main}
REQUEST_URI=/got/img/bg0.png
HTTP_REFERER=http://localhost/got/css/style.css
---
2013/11/06 17:42:03 [error] [exception.CHttpException.404] exception 'CHttpException' with message 'Unable to resolve the request "img/bannergot2.png".' in /var/www/yii/framework/web/CWebApplication.php:286
Stack trace:
#0 /var/www/yii/framework/web/CWebApplication.php(141): CWebApplication->runController('img/bannergot2....')
#1 /var/www/yii/framework/base/CApplication.php(180): CWebApplication->processRequest()
#2 /var/www/got/index.php(13): CApplication->run()
#3 {main}
REQUEST_URI=/got/img/bannergot2.png
HTTP_REFERER=http://localhost/got/site/index
---
2013/11/06 17:42:35 [error] [exception.CHttpException.404] exception 'CHttpException' with message 'Unable to resolve the request "img/bannergot2.png".' in /var/www/yii/framework/web/CWebApplication.php:286
Stack trace:
#0 /var/www/yii/framework/web/CWebApplication.php(141): CWebApplication->runController('img/bannergot2....')
#1 /var/www/yii/framework/base/CApplication.php(180): CWebApplication->processRequest()
#2 /var/www/got/index.php(13): CApplication->run()
#3 {main}
REQUEST_URI=/got/img/bannergot2.png
HTTP_REFERER=http://localhost/got/site/index
---
2013/11/06 17:42:35 [error] [exception.CHttpException.404] exception 'CHttpException' with message 'Unable to resolve the request "img/bannergot2.png".' in /var/www/yii/framework/web/CWebApplication.php:286
Stack trace:
#0 /var/www/yii/framework/web/CWebApplication.php(141): CWebApplication->runController('img/bannergot2....')
#1 /var/www/yii/framework/base/CApplication.php(180): CWebApplication->processRequest()
#2 /var/www/got/index.php(13): CApplication->run()
#3 {main}
REQUEST_URI=/got/img/bannergot2.png
HTTP_REFERER=http://localhost/got/site/index
---
2013/11/06 17:42:35 [error] [exception.CHttpException.404] exception 'CHttpException' with message 'Unable to resolve the request "img/bg0.png".' in /var/www/yii/framework/web/CWebApplication.php:286
Stack trace:
#0 /var/www/yii/framework/web/CWebApplication.php(141): CWebApplication->runController('img/bg0.png')
#1 /var/www/yii/framework/base/CApplication.php(180): CWebApplication->processRequest()
#2 /var/www/got/index.php(13): CApplication->run()
#3 {main}
REQUEST_URI=/got/img/bg0.png
HTTP_REFERER=http://localhost/got/css/style.css
---
2013/11/06 17:42:36 [error] [exception.CHttpException.404] exception 'CHttpException' with message 'Unable to resolve the request "img/bannergot2.png".' in /var/www/yii/framework/web/CWebApplication.php:286
Stack trace:
#0 /var/www/yii/framework/web/CWebApplication.php(141): CWebApplication->runController('img/bannergot2....')
#1 /var/www/yii/framework/base/CApplication.php(180): CWebApplication->processRequest()
#2 /var/www/got/index.php(13): CApplication->run()
#3 {main}
REQUEST_URI=/got/img/bannergot2.png
HTTP_REFERER=http://localhost/got/site/index
---
2013/11/06 17:42:36 [error] [exception.CHttpException.404] exception 'CHttpException' with message 'Unable to resolve the request "img/bannergot2.png".' in /var/www/yii/framework/web/CWebApplication.php:286
Stack trace:
#0 /var/www/yii/framework/web/CWebApplication.php(141): CWebApplication->runController('img/bannergot2....')
#1 /var/www/yii/framework/base/CApplication.php(180): CWebApplication->processRequest()
#2 /var/www/got/index.php(13): CApplication->run()
#3 {main}
REQUEST_URI=/got/img/bannergot2.png
HTTP_REFERER=http://localhost/got/site/index
---
2013/11/06 17:42:36 [error] [exception.CHttpException.404] exception 'CHttpException' with message 'Unable to resolve the request "img/bannergot2.png".' in /var/www/yii/framework/web/CWebApplication.php:286
Stack trace:
#0 /var/www/yii/framework/web/CWebApplication.php(141): CWebApplication->runController('img/bannergot2....')
#1 /var/www/yii/framework/base/CApplication.php(180): CWebApplication->processRequest()
#2 /var/www/got/index.php(13): CApplication->run()
#3 {main}
REQUEST_URI=/got/img/bannergot2.png
HTTP_REFERER=http://localhost/got/site/index
---
2013/11/06 17:42:36 [error] [exception.CHttpException.404] exception 'CHttpException' with message 'Unable to resolve the request "img/bg0.png".' in /var/www/yii/framework/web/CWebApplication.php:286
Stack trace:
#0 /var/www/yii/framework/web/CWebApplication.php(141): CWebApplication->runController('img/bg0.png')
#1 /var/www/yii/framework/base/CApplication.php(180): CWebApplication->processRequest()
#2 /var/www/got/index.php(13): CApplication->run()
#3 {main}
REQUEST_URI=/got/img/bg0.png
HTTP_REFERER=http://localhost/got/css/style.css
---
2013/11/06 17:42:36 [error] [exception.CHttpException.404] exception 'CHttpException' with message 'Unable to resolve the request "img/bannergot2.png".' in /var/www/yii/framework/web/CWebApplication.php:286
Stack trace:
#0 /var/www/yii/framework/web/CWebApplication.php(141): CWebApplication->runController('img/bannergot2....')
#1 /var/www/yii/framework/base/CApplication.php(180): CWebApplication->processRequest()
#2 /var/www/got/index.php(13): CApplication->run()
#3 {main}
REQUEST_URI=/got/img/bannergot2.png
HTTP_REFERER=http://localhost/got/site/index
---
2013/11/06 17:42:38 [error] [exception.CHttpException.404] exception 'CHttpException' with message 'Unable to resolve the request "img/bannergot2.png".' in /var/www/yii/framework/web/CWebApplication.php:286
Stack trace:
#0 /var/www/yii/framework/web/CWebApplication.php(141): CWebApplication->runController('img/bannergot2....')
#1 /var/www/yii/framework/base/CApplication.php(180): CWebApplication->processRequest()
#2 /var/www/got/index.php(13): CApplication->run()
#3 {main}
REQUEST_URI=/got/img/bannergot2.png
HTTP_REFERER=http://localhost/got/site/index
---
2013/11/06 17:42:38 [error] [exception.CHttpException.404] exception 'CHttpException' with message 'Unable to resolve the request "img/bg0.png".' in /var/www/yii/framework/web/CWebApplication.php:286
Stack trace:
#0 /var/www/yii/framework/web/CWebApplication.php(141): CWebApplication->runController('img/bg0.png')
#1 /var/www/yii/framework/base/CApplication.php(180): CWebApplication->processRequest()
#2 /var/www/got/index.php(13): CApplication->run()
#3 {main}
REQUEST_URI=/got/img/bg0.png
HTTP_REFERER=http://localhost/got/css/style.css
---
2013/11/06 17:42:38 [error] [exception.CHttpException.404] exception 'CHttpException' with message 'Unable to resolve the request "img/bannergot2.png".' in /var/www/yii/framework/web/CWebApplication.php:286
Stack trace:
#0 /var/www/yii/framework/web/CWebApplication.php(141): CWebApplication->runController('img/bannergot2....')
#1 /var/www/yii/framework/base/CApplication.php(180): CWebApplication->processRequest()
#2 /var/www/got/index.php(13): CApplication->run()
#3 {main}
REQUEST_URI=/got/img/bannergot2.png
HTTP_REFERER=http://localhost/got/site/index
---
2013/11/06 17:42:44 [error] [exception.CHttpException.404] exception 'CHttpException' with message 'Unable to resolve the request "img/bannergot2.png".' in /var/www/yii/framework/web/CWebApplication.php:286
Stack trace:
#0 /var/www/yii/framework/web/CWebApplication.php(141): CWebApplication->runController('img/bannergot2....')
#1 /var/www/yii/framework/base/CApplication.php(180): CWebApplication->processRequest()
#2 /var/www/got/index.php(13): CApplication->run()
#3 {main}
REQUEST_URI=/got/img/bannergot2.png
HTTP_REFERER=http://localhost/got/site/index
---
2013/11/06 17:42:44 [error] [exception.CHttpException.404] exception 'CHttpException' with message 'Unable to resolve the request "img/bannergot2.png".' in /var/www/yii/framework/web/CWebApplication.php:286
Stack trace:
#0 /var/www/yii/framework/web/CWebApplication.php(141): CWebApplication->runController('img/bannergot2....')
#1 /var/www/yii/framework/base/CApplication.php(180): CWebApplication->processRequest()
#2 /var/www/got/index.php(13): CApplication->run()
#3 {main}
REQUEST_URI=/got/img/bannergot2.png
HTTP_REFERER=http://localhost/got/site/index
---
2013/11/06 17:42:44 [error] [exception.CHttpException.404] exception 'CHttpException' with message 'Unable to resolve the request "img/bg0.png".' in /var/www/yii/framework/web/CWebApplication.php:286
Stack trace:
#0 /var/www/yii/framework/web/CWebApplication.php(141): CWebApplication->runController('img/bg0.png')
#1 /var/www/yii/framework/base/CApplication.php(180): CWebApplication->processRequest()
#2 /var/www/got/index.php(13): CApplication->run()
#3 {main}
REQUEST_URI=/got/img/bg0.png
HTTP_REFERER=http://localhost/got/css/style.css
---
2013/11/06 17:43:23 [error] [exception.CHttpException.404] exception 'CHttpException' with message 'Unable to resolve the request "img/bannergot2.png".' in /var/www/yii/framework/web/CWebApplication.php:286
Stack trace:
#0 /var/www/yii/framework/web/CWebApplication.php(141): CWebApplication->runController('img/bannergot2....')
#1 /var/www/yii/framework/base/CApplication.php(180): CWebApplication->processRequest()
#2 /var/www/got/index.php(13): CApplication->run()
#3 {main}
REQUEST_URI=/got/img/bannergot2.png
---
2013/11/06 17:47:34 [error] [exception.CHttpException.404] exception 'CHttpException' with message 'The system is unable to find the requested action "index.php".' in /var/www/yii/framework/web/CController.php:483
Stack trace:
#0 /var/www/yii/framework/web/CController.php(270): CController->missingAction('index.php')
#1 /var/www/yii/framework/web/CWebApplication.php(282): CController->run('index.php')
#2 /var/www/yii/framework/web/CWebApplication.php(141): CWebApplication->runController('site/index.php')
#3 /var/www/yii/framework/base/CApplication.php(180): CWebApplication->processRequest()
#4 /var/www/got/index.php(13): CApplication->run()
#5 {main}
REQUEST_URI=/got/site/index.php
HTTP_REFERER=http://localhost/got/site/index
---
2013/11/06 17:50:45 [error] [exception.CHttpException.404] exception 'CHttpException' with message 'The system is unable to find the requested action "usuario".' in /var/www/yii/framework/web/CController.php:483
Stack trace:
#0 /var/www/yii/framework/web/CController.php(270): CController->missingAction('usuario')
#1 /var/www/yii/framework/web/CWebApplication.php(282): CController->run('usuario')
#2 /var/www/yii/framework/web/CWebApplication.php(141): CWebApplication->runController('site/Usuario')
#3 /var/www/yii/framework/base/CApplication.php(180): CWebApplication->processRequest()
#4 /var/www/got/index.php(13): CApplication->run()
#5 {main}
REQUEST_URI=/got/site/Usuario
---
2013/11/06 17:50:52 [error] [exception.CHttpException.404] exception 'CHttpException' with message 'The system is unable to find the requested action "usuario".' in /var/www/yii/framework/web/CController.php:483
Stack trace:
#0 /var/www/yii/framework/web/CController.php(270): CController->missingAction('usuario')
#1 /var/www/yii/framework/web/CWebApplication.php(282): CController->run('usuario')
#2 /var/www/yii/framework/web/CWebApplication.php(141): CWebApplication->runController('site/usuario')
#3 /var/www/yii/framework/base/CApplication.php(180): CWebApplication->processRequest()
#4 /var/www/got/index.php(13): CApplication->run()
#5 {main}
REQUEST_URI=/got/site/usuario
---
2013/11/06 17:50:59 [error] [exception.CHttpException.404] exception 'CHttpException' with message 'The system is unable to find the requested action "usuario".' in /var/www/yii/framework/web/CController.php:483
Stack trace:
#0 /var/www/yii/framework/web/CController.php(270): CController->missingAction('usuario')
#1 /var/www/yii/framework/web/CWebApplication.php(282): CController->run('usuario')
#2 /var/www/yii/framework/web/CWebApplication.php(141): CWebApplication->runController('site/usuario')
#3 /var/www/yii/framework/base/CApplication.php(180): CWebApplication->processRequest()
#4 /var/www/got/index.php(13): CApplication->run()
#5 {main}
REQUEST_URI=/got/site/usuario
---
2013/11/06 17:51:28 [error] [exception.CHttpException.404] exception 'CHttpException' with message 'The system is unable to find the requested action "usuario".' in /var/www/yii/framework/web/CController.php:483
Stack trace:
#0 /var/www/yii/framework/web/CController.php(270): CController->missingAction('usuario')
#1 /var/www/yii/framework/web/CWebApplication.php(282): CController->run('usuario')
#2 /var/www/yii/framework/web/CWebApplication.php(141): CWebApplication->runController('site/usuario')
#3 /var/www/yii/framework/base/CApplication.php(180): CWebApplication->processRequest()
#4 /var/www/got/index.php(13): CApplication->run()
#5 {main}
REQUEST_URI=/got/site/usuario
---
2013/11/06 17:52:00 [error] [exception.CHttpException.404] exception 'CHttpException' with message 'The system is unable to find the requested action "usuario".' in /var/www/yii/framework/web/CController.php:483
Stack trace:
#0 /var/www/yii/framework/web/CController.php(270): CController->missingAction('usuario')
#1 /var/www/yii/framework/web/CWebApplication.php(282): CController->run('usuario')
#2 /var/www/yii/framework/web/CWebApplication.php(141): CWebApplication->runController('site/usuario')
#3 /var/www/yii/framework/base/CApplication.php(180): CWebApplication->processRequest()
#4 /var/www/got/index.php(13): CApplication->run()
#5 {main}
REQUEST_URI=/got/site/usuario
---
2013/11/06 17:52:46 [error] [exception.CHttpException.404] exception 'CHttpException' with message 'The system is unable to find the requested action "usuario".' in /var/www/yii/framework/web/CController.php:483
Stack trace:
#0 /var/www/yii/framework/web/CController.php(270): CController->missingAction('usuario')
#1 /var/www/yii/framework/web/CWebApplication.php(282): CController->run('usuario')
#2 /var/www/yii/framework/web/CWebApplication.php(141): CWebApplication->runController('site/usuario')
#3 /var/www/yii/framework/base/CApplication.php(180): CWebApplication->processRequest()
#4 /var/www/got/index.php(13): CApplication->run()
#5 {main}
REQUEST_URI=/got/site/usuario
---
2013/11/06 17:53:11 [error] [exception.CHttpException.404] exception 'CHttpException' with message 'The system is unable to find the requested action "usuario".' in /var/www/yii/framework/web/CController.php:483
Stack trace:
#0 /var/www/yii/framework/web/CController.php(270): CController->missingAction('usuario')
#1 /var/www/yii/framework/web/CWebApplication.php(282): CController->run('usuario')
#2 /var/www/yii/framework/web/CWebApplication.php(141): CWebApplication->runController('site/usuario/gi...')
#3 /var/www/yii/framework/base/CApplication.php(180): CWebApplication->processRequest()
#4 /var/www/got/index.php(13): CApplication->run()
#5 {main}
REQUEST_URI=/got/site/usuario/gii
---
2013/11/06 17:53:19 [error] [exception.CHttpException.404] exception 'CHttpException' with message 'The system is unable to find the requested action "gii".' in /var/www/yii/framework/web/CController.php:483
Stack trace:
#0 /var/www/yii/framework/web/CController.php(270): CController->missingAction('gii')
#1 /var/www/yii/framework/web/CWebApplication.php(282): CController->run('gii')
#2 /var/www/yii/framework/web/CWebApplication.php(141): CWebApplication->runController('site/gii')
#3 /var/www/yii/framework/base/CApplication.php(180): CWebApplication->processRequest()
#4 /var/www/got/index.php(13): CApplication->run()
#5 {main}
REQUEST_URI=/got/site/gii
---
2013/11/06 17:54:26 [error] [exception.CHttpException.404] exception 'CHttpException' with message 'The system is unable to find the requested action "site".' in /var/www/yii/framework/web/CController.php:483
Stack trace:
#0 /var/www/yii/framework/web/CController.php(270): CController->missingAction('site')
#1 /var/www/yii/framework/web/CWebApplication.php(282): CController->run('site')
#2 /var/www/yii/framework/web/CWebApplication.php(141): CWebApplication->runController('site/site/index')
#3 /var/www/yii/framework/base/CApplication.php(180): CWebApplication->processRequest()
#4 /var/www/got/index.php(13): CApplication->run()
#5 {main}
REQUEST_URI=/got/site/site/index
HTTP_REFERER=http://localhost/got/site/index
---
2013/11/06 17:58:11 [error] [exception.CHttpException.404] exception 'CHttpException' with message 'The system is unable to find the requested action "site".' in /var/www/yii/framework/web/CController.php:483
Stack trace:
#0 /var/www/yii/framework/web/CController.php(270): CController->missingAction('site')
#1 /var/www/yii/framework/web/CWebApplication.php(282): CController->run('site')
#2 /var/www/yii/framework/web/CWebApplication.php(141): CWebApplication->runController('site/site/index')
#3 /var/www/yii/framework/base/CApplication.php(180): CWebApplication->processRequest()
#4 /var/www/got/index.php(13): CApplication->run()
#5 {main}
REQUEST_URI=/got/site/site/index
HTTP_REFERER=http://localhost/got/site/index
---
2013/11/06 17:58:18 [error] [exception.CHttpException.404] exception 'CHttpException' with message 'The system is unable to find the requested action "site".' in /var/www/yii/framework/web/CController.php:483
Stack trace:
#0 /var/www/yii/framework/web/CController.php(270): CController->missingAction('site')
#1 /var/www/yii/framework/web/CWebApplication.php(282): CController->run('site')
#2 /var/www/yii/framework/web/CWebApplication.php(141): CWebApplication->runController('site/site/site/...')
#3 /var/www/yii/framework/base/CApplication.php(180): CWebApplication->processRequest()
#4 /var/www/got/index.php(13): CApplication->run()
#5 {main}
REQUEST_URI=/got/site/site/site/index
HTTP_REFERER=http://localhost/got/site/site/index
---
2013/11/06 17:58:20 [error] [exception.CHttpException.404] exception 'CHttpException' with message 'The system is unable to find the requested action "site".' in /var/www/yii/framework/web/CController.php:483
Stack trace:
#0 /var/www/yii/framework/web/CController.php(270): CController->missingAction('site')
#1 /var/www/yii/framework/web/CWebApplication.php(282): CController->run('site')
#2 /var/www/yii/framework/web/CWebApplication.php(141): CWebApplication->runController('site/site/site/...')
#3 /var/www/yii/framework/base/CApplication.php(180): CWebApplication->processRequest()
#4 /var/www/got/index.php(13): CApplication->run()
#5 {main}
REQUEST_URI=/got/site/site/site/site/index
HTTP_REFERER=http://localhost/got/site/site/site/index
---
2013/11/06 17:58:21 [error] [exception.CHttpException.404] exception 'CHttpException' with message 'The system is unable to find the requested action "site".' in /var/www/yii/framework/web/CController.php:483
Stack trace:
#0 /var/www/yii/framework/web/CController.php(270): CController->missingAction('site')
#1 /var/www/yii/framework/web/CWebApplication.php(282): CController->run('site')
#2 /var/www/yii/framework/web/CWebApplication.php(141): CWebApplication->runController('site/site/site/...')
#3 /var/www/yii/framework/base/CApplication.php(180): CWebApplication->processRequest()
#4 /var/www/got/index.php(13): CApplication->run()
#5 {main}
REQUEST_URI=/got/site/site/site/site/site/index
HTTP_REFERER=http://localhost/got/site/site/site/site/index
---
2013/11/06 17:58:23 [error] [exception.CHttpException.404] exception 'CHttpException' with message 'The system is unable to find the requested action "site".' in /var/www/yii/framework/web/CController.php:483
Stack trace:
#0 /var/www/yii/framework/web/CController.php(270): CController->missingAction('site')
#1 /var/www/yii/framework/web/CWebApplication.php(282): CController->run('site')
#2 /var/www/yii/framework/web/CWebApplication.php(141): CWebApplication->runController('site/site/site/...')
#3 /var/www/yii/framework/base/CApplication.php(180): CWebApplication->processRequest()
#4 /var/www/got/index.php(13): CApplication->run()
#5 {main}
REQUEST_URI=/got/site/site/site/site/site/site/index
HTTP_REFERER=http://localhost/got/site/site/site/site/site/index
---
2013/11/06 17:58:23 [error] [exception.CHttpException.404] exception 'CHttpException' with message 'The system is unable to find the requested action "site".' in /var/www/yii/framework/web/CController.php:483
Stack trace:
#0 /var/www/yii/framework/web/CController.php(270): CController->missingAction('site')
#1 /var/www/yii/framework/web/CWebApplication.php(282): CController->run('site')
#2 /var/www/yii/framework/web/CWebApplication.php(141): CWebApplication->runController('site/site/site/...')
#3 /var/www/yii/framework/base/CApplication.php(180): CWebApplication->processRequest()
#4 /var/www/got/index.php(13): CApplication->run()
#5 {main}
REQUEST_URI=/got/site/site/site/site/site/site/site/index
HTTP_REFERER=http://localhost/got/site/site/site/site/site/site/index
---
2013/11/06 17:58:36 [error] [exception.CHttpException.404] exception 'CHttpException' with message 'The system is unable to find the requested action "site".' in /var/www/yii/framework/web/CController.php:483
Stack trace:
#0 /var/www/yii/framework/web/CController.php(270): CController->missingAction('site')
#1 /var/www/yii/framework/web/CWebApplication.php(282): CController->run('site')
#2 /var/www/yii/framework/web/CWebApplication.php(141): CWebApplication->runController('site/site/site/...')
#3 /var/www/yii/framework/base/CApplication.php(180): CWebApplication->processRequest()
#4 /var/www/got/index.php(13): CApplication->run()
#5 {main}
REQUEST_URI=/got/site/site/site/site/site/site/site/index
---
2013/11/06 17:58:38 [error] [exception.CHttpException.404] exception 'CHttpException' with message 'The system is unable to find the requested action "site".' in /var/www/yii/framework/web/CController.php:483
Stack trace:
#0 /var/www/yii/framework/web/CController.php(270): CController->missingAction('site')
#1 /var/www/yii/framework/web/CWebApplication.php(282): CController->run('site')
#2 /var/www/yii/framework/web/CWebApplication.php(141): CWebApplication->runController('site/site/site/...')
#3 /var/www/yii/framework/base/CApplication.php(180): CWebApplication->processRequest()
#4 /var/www/got/index.php(13): CApplication->run()
#5 {main}
REQUEST_URI=/got/site/site/site/site/site/site/site/index
---
2013/11/06 17:59:09 [error] [exception.CHttpException.404] exception 'CHttpException' with message 'The system is unable to find the requested action "site".' in /var/www/yii/framework/web/CController.php:483
Stack trace:
#0 /var/www/yii/framework/web/CController.php(270): CController->missingAction('site')
#1 /var/www/yii/framework/web/CWebApplication.php(282): CController->run('site')
#2 /var/www/yii/framework/web/CWebApplication.php(141): CWebApplication->runController('site/site/usuar...')
#3 /var/www/yii/framework/base/CApplication.php(180): CWebApplication->processRequest()
#4 /var/www/got/index.php(13): CApplication->run()
#5 {main}
REQUEST_URI=/got/site/site/usuario
HTTP_REFERER=http://localhost/got/site/index
---
2013/11/06 17:59:18 [error] [exception.CHttpException.404] exception 'CHttpException' with message 'The system is unable to find the requested action "usuario".' in /var/www/yii/framework/web/CController.php:483
Stack trace:
#0 /var/www/yii/framework/web/CController.php(270): CController->missingAction('usuario')
#1 /var/www/yii/framework/web/CWebApplication.php(282): CController->run('usuario')
#2 /var/www/yii/framework/web/CWebApplication.php(141): CWebApplication->runController('site/usuario')
#3 /var/www/yii/framework/base/CApplication.php(180): CWebApplication->processRequest()
#4 /var/www/got/index.php(13): CApplication->run()
#5 {main}
REQUEST_URI=/got/site/usuario
---
2013/11/06 17:59:19 [error] [exception.CHttpException.404] exception 'CHttpException' with message 'The system is unable to find the requested action "site".' in /var/www/yii/framework/web/CController.php:483
Stack trace:
#0 /var/www/yii/framework/web/CController.php(270): CController->missingAction('site')
#1 /var/www/yii/framework/web/CWebApplication.php(282): CController->run('site')
#2 /var/www/yii/framework/web/CWebApplication.php(141): CWebApplication->runController('site/site/index')
#3 /var/www/yii/framework/base/CApplication.php(180): CWebApplication->processRequest()
#4 /var/www/got/index.php(13): CApplication->run()
#5 {main}
REQUEST_URI=/got/site/site/index
HTTP_REFERER=http://localhost/got/site/usuario
---
2013/11/06 17:59:21 [error] [exception.CHttpException.404] exception 'CHttpException' with message 'The system is unable to find the requested action "site".' in /var/www/yii/framework/web/CController.php:483
Stack trace:
#0 /var/www/yii/framework/web/CController.php(270): CController->missingAction('site')
#1 /var/www/yii/framework/web/CWebApplication.php(282): CController->run('site')
#2 /var/www/yii/framework/web/CWebApplication.php(141): CWebApplication->runController('site/site/site/...')
#3 /var/www/yii/framework/base/CApplication.php(180): CWebApplication->processRequest()
#4 /var/www/got/index.php(13): CApplication->run()
#5 {main}
REQUEST_URI=/got/site/site/site/index
HTTP_REFERER=http://localhost/got/site/site/index
---
2013/11/06 18:00:05 [error] [exception.CHttpException.404] exception 'CHttpException' with message 'The system is unable to find the requested action "usuario".' in /var/www/yii/framework/web/CController.php:483
Stack trace:
#0 /var/www/yii/framework/web/CController.php(270): CController->missingAction('usuario')
#1 /var/www/yii/framework/web/CWebApplication.php(282): CController->run('usuario')
#2 /var/www/yii/framework/web/CWebApplication.php(141): CWebApplication->runController('site/usuario')
#3 /var/www/yii/framework/base/CApplication.php(180): CWebApplication->processRequest()
#4 /var/www/got/index.php(13): CApplication->run()
#5 {main}
REQUEST_URI=/got/site/usuario
---
2013/11/06 18:00:12 [error] [exception.CHttpException.404] exception 'CHttpException' with message 'The system is unable to find the requested action "usuario".' in /var/www/yii/framework/web/CController.php:483
Stack trace:
#0 /var/www/yii/framework/web/CController.php(270): CController->missingAction('usuario')
#1 /var/www/yii/framework/web/CWebApplication.php(282): CController->run('usuario')
#2 /var/www/yii/framework/web/CWebApplication.php(141): CWebApplication->runController('site/Usuario')
#3 /var/www/yii/framework/base/CApplication.php(180): CWebApplication->processRequest()
#4 /var/www/got/index.php(13): CApplication->run()
#5 {main}
REQUEST_URI=/got/site/Usuario
---
2013/11/06 18:00:33 [error] [exception.CHttpException.404] exception 'CHttpException' with message 'The system is unable to find the requested action "site".' in /var/www/yii/framework/web/CController.php:483
Stack trace:
#0 /var/www/yii/framework/web/CController.php(270): CController->missingAction('site')
#1 /var/www/yii/framework/web/CWebApplication.php(282): CController->run('site')
#2 /var/www/yii/framework/web/CWebApplication.php(141): CWebApplication->runController('site/site/index')
#3 /var/www/yii/framework/base/CApplication.php(180): CWebApplication->processRequest()
#4 /var/www/got/index.php(13): CApplication->run()
#5 {main}
REQUEST_URI=/got/index.php/site/site/index
HTTP_REFERER=http://localhost/got/index.php/site/page?view=about
---
2013/11/06 18:00:36 [error] [exception.CHttpException.404] exception 'CHttpException' with message 'The system is unable to find the requested action "site".' in /var/www/yii/framework/web/CController.php:483
Stack trace:
#0 /var/www/yii/framework/web/CController.php(270): CController->missingAction('site')
#1 /var/www/yii/framework/web/CWebApplication.php(282): CController->run('site')
#2 /var/www/yii/framework/web/CWebApplication.php(141): CWebApplication->runController('site/site/site/...')
#3 /var/www/yii/framework/base/CApplication.php(180): CWebApplication->processRequest()
#4 /var/www/got/index.php(13): CApplication->run()
#5 {main}
REQUEST_URI=/got/index.php/site/site/site/index
HTTP_REFERER=http://localhost/got/index.php/site/site/index
---
2013/11/06 18:00:47 [error] [exception.CHttpException.404] exception 'CHttpException' with message 'The system is unable to find the requested action "site".' in /var/www/yii/framework/web/CController.php:483
Stack trace:
#0 /var/www/yii/framework/web/CController.php(270): CController->missingAction('site')
#1 /var/www/yii/framework/web/CWebApplication.php(282): CController->run('site')
#2 /var/www/yii/framework/web/CWebApplication.php(141): CWebApplication->runController('site/site/index')
#3 /var/www/yii/framework/base/CApplication.php(180): CWebApplication->processRequest()
#4 /var/www/got/index.php(13): CApplication->run()
#5 {main}
REQUEST_URI=/got/site/site/index
HTTP_REFERER=http://localhost/got/site/index
---
2013/11/06 18:00:47 [error] [exception.CHttpException.404] exception 'CHttpException' with message 'The system is unable to find the requested action "site".' in /var/www/yii/framework/web/CController.php:483
Stack trace:
#0 /var/www/yii/framework/web/CController.php(270): CController->missingAction('site')
#1 /var/www/yii/framework/web/CWebApplication.php(282): CController->run('site')
#2 /var/www/yii/framework/web/CWebApplication.php(141): CWebApplication->runController('site/site/site/...')
#3 /var/www/yii/framework/base/CApplication.php(180): CWebApplication->processRequest()
#4 /var/www/got/index.php(13): CApplication->run()
#5 {main}
REQUEST_URI=/got/site/site/site/index
HTTP_REFERER=http://localhost/got/site/site/index
---
2013/11/06 18:00:47 [error] [exception.CHttpException.404] exception 'CHttpException' with message 'The system is unable to find the requested action "site".' in /var/www/yii/framework/web/CController.php:483
Stack trace:
#0 /var/www/yii/framework/web/CController.php(270): CController->missingAction('site')
#1 /var/www/yii/framework/web/CWebApplication.php(282): CController->run('site')
#2 /var/www/yii/framework/web/CWebApplication.php(141): CWebApplication->runController('site/site/site/...')
#3 /var/www/yii/framework/base/CApplication.php(180): CWebApplication->processRequest()
#4 /var/www/got/index.php(13): CApplication->run()
#5 {main}
REQUEST_URI=/got/site/site/site/site/index
HTTP_REFERER=http://localhost/got/site/site/site/index
---
2013/11/06 18:00:48 [error] [exception.CHttpException.404] exception 'CHttpException' with message 'The system is unable to find the requested action "site".' in /var/www/yii/framework/web/CController.php:483
Stack trace:
#0 /var/www/yii/framework/web/CController.php(270): CController->missingAction('site')
#1 /var/www/yii/framework/web/CWebApplication.php(282): CController->run('site')
#2 /var/www/yii/framework/web/CWebApplication.php(141): CWebApplication->runController('site/site/site/...')
#3 /var/www/yii/framework/base/CApplication.php(180): CWebApplication->processRequest()
#4 /var/www/got/index.php(13): CApplication->run()
#5 {main}
REQUEST_URI=/got/site/site/site/site/site/index
HTTP_REFERER=http://localhost/got/site/site/site/site/index
---
2013/11/06 18:03:21 [error] [exception.CHttpException.404] exception 'CHttpException' with message 'Unable to resolve the request "about.php".' in /var/www/yii/framework/web/CWebApplication.php:286
Stack trace:
#0 /var/www/yii/framework/web/CWebApplication.php(141): CWebApplication->runController('about.php')
#1 /var/www/yii/framework/base/CApplication.php(180): CWebApplication->processRequest()
#2 /var/www/got/index.php(13): CApplication->run()
#3 {main}
REQUEST_URI=/got/about.php
HTTP_REFERER=http://localhost/got/
---
2013/11/06 18:03:21 [error] [exception.CHttpException.404] exception 'CHttpException' with message 'Unable to resolve the request "about.php".' in /var/www/yii/framework/web/CWebApplication.php:286
Stack trace:
#0 /var/www/yii/framework/web/CWebApplication.php(141): CWebApplication->runController('about.php')
#1 /var/www/yii/framework/base/CApplication.php(180): CWebApplication->processRequest()
#2 /var/www/got/index.php(13): CApplication->run()
#3 {main}
REQUEST_URI=/got/about.php
HTTP_REFERER=http://localhost/got/about.php
---
2013/11/06 18:03:21 [error] [exception.CHttpException.404] exception 'CHttpException' with message 'Unable to resolve the request "about.php".' in /var/www/yii/framework/web/CWebApplication.php:286
Stack trace:
#0 /var/www/yii/framework/web/CWebApplication.php(141): CWebApplication->runController('about.php')
#1 /var/www/yii/framework/base/CApplication.php(180): CWebApplication->processRequest()
#2 /var/www/got/index.php(13): CApplication->run()
#3 {main}
REQUEST_URI=/got/about.php
HTTP_REFERER=http://localhost/got/about.php
---
2013/11/06 18:16:20 [error] [exception.CHttpException.404] exception 'CHttpException' with message 'The system is unable to find the requested action "usuario".' in /var/www/yii/framework/web/CController.php:483
Stack trace:
#0 /var/www/yii/framework/web/CController.php(270): CController->missingAction('usuario')
#1 /var/www/yii/framework/web/CWebApplication.php(282): CController->run('usuario')
#2 /var/www/yii/framework/web/CWebApplication.php(141): CWebApplication->runController('site/Usuario')
#3 /var/www/yii/framework/base/CApplication.php(180): CWebApplication->processRequest()
#4 /var/www/got/index.php(13): CApplication->run()
#5 {main}
REQUEST_URI=/got/site/Usuario
---
2013/11/06 19:37:58 [error] [exception.CHttpException.404] exception 'CHttpException' with message 'The system is unable to find the requested action "index.php".' in /var/www/yii/framework/web/CController.php:483
Stack trace:
#0 /var/www/yii/framework/web/CController.php(270): CController->missingAction('index.php')
#1 /var/www/yii/framework/web/CWebApplication.php(282): CController->run('index.php')
#2 /var/www/yii/framework/web/CWebApplication.php(141): CWebApplication->runController('site/index.php/...')
#3 /var/www/yii/framework/base/CApplication.php(180): CWebApplication->processRequest()
#4 /var/www/got/index.php(13): CApplication->run()
#5 {main}
REQUEST_URI=/got/site/index.php/Usuario
---
2013/11/06 19:43:01 [error] [exception.CHttpException.404] exception 'CHttpException' with message 'Unable to resolve the request "login".' in /var/www/yii/framework/web/CWebApplication.php:286
Stack trace:
#0 /var/www/yii/framework/web/CWebApplication.php(141): CWebApplication->runController('login')
#1 /var/www/yii/framework/base/CApplication.php(180): CWebApplication->processRequest()
#2 /var/www/got/index.php(13): CApplication->run()
#3 {main}
REQUEST_URI=/got/login
---
2013/11/07 00:34:24 [error] [exception.CHttpException.404] exception 'CHttpException' with message 'The system is unable to find the requested action "site".' in /var/www/yii/framework/web/CController.php:483
Stack trace:
#0 /var/www/yii/framework/web/CController.php(270): CController->missingAction('site')
#1 /var/www/yii/framework/web/CWebApplication.php(282): CController->run('site')
#2 /var/www/yii/framework/web/CWebApplication.php(141): CWebApplication->runController('site/site/login')
#3 /var/www/yii/framework/base/CApplication.php(180): CWebApplication->processRequest()
#4 /var/www/got/index.php(13): CApplication->run()
#5 {main}
REQUEST_URI=/got/site/site/login
HTTP_REFERER=http://localhost/got/site/
---
2013/11/07 00:34:32 [error] [exception.CHttpException.404] exception 'CHttpException' with message 'The system is unable to find the requested action "site".' in /var/www/yii/framework/web/CController.php:483
Stack trace:
#0 /var/www/yii/framework/web/CController.php(270): CController->missingAction('site')
#1 /var/www/yii/framework/web/CWebApplication.php(282): CController->run('site')
#2 /var/www/yii/framework/web/CWebApplication.php(141): CWebApplication->runController('site/site/login')
#3 /var/www/yii/framework/base/CApplication.php(180): CWebApplication->processRequest()
#4 /var/www/got/index.php(13): CApplication->run()
#5 {main}
REQUEST_URI=/got/site/site/login
---
2013/11/07 00:34:34 [error] [exception.CHttpException.404] exception 'CHttpException' with message 'The system is unable to find the requested action "site".' in /var/www/yii/framework/web/CController.php:483
Stack trace:
#0 /var/www/yii/framework/web/CController.php(270): CController->missingAction('site')
#1 /var/www/yii/framework/web/CWebApplication.php(282): CController->run('site')
#2 /var/www/yii/framework/web/CWebApplication.php(141): CWebApplication->runController('site/site/login')
#3 /var/www/yii/framework/base/CApplication.php(180): CWebApplication->processRequest()
#4 /var/www/got/index.php(13): CApplication->run()
#5 {main}
REQUEST_URI=/got/site/site/login
---
2013/11/07 00:34:39 [error] [exception.CHttpException.404] exception 'CHttpException' with message 'Unable to resolve the request "login".' in /var/www/yii/framework/web/CWebApplication.php:286
Stack trace:
#0 /var/www/yii/framework/web/CWebApplication.php(141): CWebApplication->runController('login')
#1 /var/www/yii/framework/base/CApplication.php(180): CWebApplication->processRequest()
#2 /var/www/got/index.php(13): CApplication->run()
#3 {main}
REQUEST_URI=/got/login
HTTP_REFERER=http://localhost/got/
---
2013/11/07 00:34:59 [error] [exception.CHttpException.404] exception 'CHttpException' with message 'Unable to resolve the request "sitelogin".' in /var/www/yii/framework/web/CWebApplication.php:286
Stack trace:
#0 /var/www/yii/framework/web/CWebApplication.php(141): CWebApplication->runController('sitelogin')
#1 /var/www/yii/framework/base/CApplication.php(180): CWebApplication->processRequest()
#2 /var/www/got/index.php(13): CApplication->run()
#3 {main}
REQUEST_URI=/got/sitelogin
HTTP_REFERER=http://localhost/got/
---
2013/11/07 00:35:31 [error] [exception.CHttpException.404] exception 'CHttpException' with message 'Unable to resolve the request "sitelogin".' in /var/www/yii/framework/web/CWebApplication.php:286
Stack trace:
#0 /var/www/yii/framework/web/CWebApplication.php(141): CWebApplication->runController('sitelogin')
#1 /var/www/yii/framework/base/CApplication.php(180): CWebApplication->processRequest()
#2 /var/www/got/index.php(13): CApplication->run()
#3 {main}
REQUEST_URI=/got/sitelogin
HTTP_REFERER=http://localhost/got/
---
2013/11/07 00:59:41 [error] [exception.CHttpException.404] exception 'CHttpException' with message 'The system is unable to find the requested action "loginsss".' in /var/www/yii/framework/web/CController.php:483
Stack trace:
#0 /var/www/yii/framework/web/CController.php(270): CController->missingAction('loginsss')
#1 /var/www/yii/framework/web/CWebApplication.php(282): CController->run('loginsss')
#2 /var/www/yii/framework/web/CWebApplication.php(141): CWebApplication->runController('site/loginsss')
#3 /var/www/yii/framework/base/CApplication.php(180): CWebApplication->processRequest()
#4 /var/www/got/index.php(13): CApplication->run()
#5 {main}
REQUEST_URI=/got/site/loginsss
---
2013/11/07 00:59:42 [error] [exception.CHttpException.404] exception 'CHttpException' with message 'The system is unable to find the requested action "src="".' in /var/www/yii/framework/web/CController.php:483
Stack trace:
#0 /var/www/yii/framework/web/CController.php(270): CController->missingAction('src="')
#1 /var/www/yii/framework/web/CWebApplication.php(282): CController->run('src="')
#2 /var/www/yii/framework/web/CWebApplication.php(141): CWebApplication->runController('site/src="/got/...')
#3 /var/www/yii/framework/base/CApplication.php(180): CWebApplication->processRequest()
#4 /var/www/got/index.php(13): CApplication->run()
#5 {main}
REQUEST_URI=/got/site/src=%22/got/img/background.png%22
HTTP_REFERER=http://192.168.25.8/got/site/loginsss
---
2013/11/07 00:59:42 [error] [exception.CHttpException.404] exception 'CHttpException' with message 'The system is unable to find the requested action "src="".' in /var/www/yii/framework/web/CController.php:483
Stack trace:
#0 /var/www/yii/framework/web/CController.php(270): CController->missingAction('src="')
#1 /var/www/yii/framework/web/CWebApplication.php(282): CController->run('src="')
#2 /var/www/yii/framework/web/CWebApplication.php(141): CWebApplication->runController('site/src="/got/...')
#3 /var/www/yii/framework/base/CApplication.php(180): CWebApplication->processRequest()
#4 /var/www/got/index.php(13): CApplication->run()
#5 {main}
REQUEST_URI=/got/site/src=%22/got/img/background.png%22
HTTP_REFERER=http://192.168.25.8/got/site/loginsss
---
2013/11/07 04:28:23 [error] [exception.CException] exception 'CException' with message 'UsuarioController cannot find the requested view "view".' in /var/www/yii/framework/web/CController.php:878
Stack trace:
#0 /var/www/yii/framework/web/CController.php(782): CController->renderPartial('view', Array, true)
#1 /var/www/got/protected/controllers/UsuarioController.php(56): CController->render('view', Array)
#2 [internal function]: UsuarioController->actionView('2')
#3 /var/www/yii/framework/web/actions/CAction.php(108): ReflectionMethod->invokeArgs(Object(UsuarioController), Array)
#4 /var/www/yii/framework/web/actions/CInlineAction.php(47): CAction->runWithParamsInternal(Object(UsuarioController), Object(ReflectionMethod), Array)
#5 /var/www/yii/framework/web/CController.php(308): CInlineAction->runWithParams(Array)
#6 /var/www/yii/framework/web/filters/CFilterChain.php(133): CController->runAction(Object(CInlineAction))
#7 /var/www/yii/framework/web/filters/CFilter.php(40): CFilterChain->run()
#8 /var/www/yii/framework/web/CController.php(1145): CFilter->filter(Object(CFilterChain))
#9 /var/www/yii/framework/web/filters/CInlineFilter.php(58): CController->filterAccessControl(Object(CFilterChain))
#10 /var/www/yii/framework/web/filters/CFilterChain.php(130): CInlineFilter->filter(Object(CFilterChain))
#11 /var/www/yii/framework/web/CController.php(291): CFilterChain->run()
#12 /var/www/yii/framework/web/CController.php(265): CController->runActionWithFilters(Object(CInlineAction), Array)
#13 /var/www/yii/framework/web/CWebApplication.php(282): CController->run('view')
#14 /var/www/yii/framework/web/CWebApplication.php(141): CWebApplication->runController('usuario/view')
#15 /var/www/yii/framework/base/CApplication.php(180): CWebApplication->processRequest()
#16 /var/www/got/index.php(13): CApplication->run()
#17 {main}
REQUEST_URI=/got/usuario/2
HTTP_REFERER=http://localhost/got/usuario/create
---
2013/11/07 04:37:26 [error] [exception.CHttpException.404] exception 'CHttpException' with message 'The system is unable to find the requested action "loginh".' in /var/www/yii/framework/web/CController.php:483
Stack trace:
#0 /var/www/yii/framework/web/CController.php(270): CController->missingAction('loginh')
#1 /var/www/yii/framework/web/CWebApplication.php(282): CController->run('loginh')
#2 /var/www/yii/framework/web/CWebApplication.php(141): CWebApplication->runController('site/loginh')
#3 /var/www/yii/framework/base/CApplication.php(180): CWebApplication->processRequest()
#4 /var/www/got/index.php(13): CApplication->run()
#5 {main}
REQUEST_URI=/got/site/loginh
---
2013/11/07 04:37:26 [error] [exception.CHttpException.404] exception 'CHttpException' with message 'The system is unable to find the requested action "src="".' in /var/www/yii/framework/web/CController.php:483
Stack trace:
#0 /var/www/yii/framework/web/CController.php(270): CController->missingAction('src="')
#1 /var/www/yii/framework/web/CWebApplication.php(282): CController->run('src="')
#2 /var/www/yii/framework/web/CWebApplication.php(141): CWebApplication->runController('site/src="/got/...')
#3 /var/www/yii/framework/base/CApplication.php(180): CWebApplication->processRequest()
#4 /var/www/got/index.php(13): CApplication->run()
#5 {main}
REQUEST_URI=/got/site/src=%22/got/assets/web/img/background.png%22
HTTP_REFERER=http://localhost/got/site/loginh
---
